TN:
SF:config\jwt.js
FN:5,generarToken
FN:9,verificarToken
FNF:2
FNH:2
FNDA:13,generarToken
FNDA:30,verificarToken
DA:3,4
DA:6,13
DA:10,30
DA:11,30
DA:13,8
LF:5
LH:5
BRF:0
BRH:0
end_of_record
TN:
SF:db\conexion.js
FN:14,(anonymous_0)
FN:15,(anonymous_1)
FNF:2
FNH:1
FNDA:2,(anonymous_0)
FNDA:0,(anonymous_1)
DA:2,2
DA:4,2
DA:14,2
DA:15,2
LF:4
LH:4
BRF:0
BRH:0
end_of_record
TN:
SF:middleware\authMiddleware.js
FN:3,autenticarToken
FNF:1
FNH:1
FNDA:25,autenticarToken
DA:4,25
DA:5,25
DA:7,25
DA:8,6
DA:11,19
DA:12,19
DA:13,1
DA:16,18
DA:17,18
LF:9
LH:9
BRDA:5,0,0,25
BRDA:5,0,1,21
BRDA:7,1,0,6
BRDA:7,1,1,19
BRDA:12,2,0,1
BRDA:12,2,1,18
BRF:6
BRH:6
end_of_record
TN:
SF:routes\avanceRoutes.js
FN:7,(anonymous_0)
FNF:1
FNH:0
FNDA:0,(anonymous_0)
DA:4,0
DA:5,0
DA:7,0
DA:8,0
DA:10,0
DA:11,0
DA:14,0
DA:15,0
DA:19,0
DA:21,0
DA:22,0
DA:25,0
DA:26,0
LF:13
LH:0
BRDA:10,0,0,0
BRDA:10,0,1,0
BRDA:10,1,0,0
BRDA:10,1,1,0
BRF:4
BRH:0
end_of_record
TN:
SF:routes\loginRoutes.js
FN:8,(anonymous_0)
FNF:1
FNH:1
FNDA:37,(anonymous_0)
DA:6,1
DA:8,1
DA:9,37
DA:11,36
DA:12,3
DA:15,33
DA:16,33
DA:20,33
DA:21,33
DA:24,0
DA:26,0
DA:27,0
DA:28,0
DA:31,0
DA:38,0
DA:40,0
DA:43,0
DA:44,0
DA:45,0
DA:47,0
LF:20
LH:9
BRDA:11,0,0,3
BRDA:11,0,1,33
BRDA:11,1,0,36
BRDA:11,1,1,35
BRDA:20,2,0,33
BRDA:20,2,1,0
BRDA:26,3,0,0
BRDA:26,3,1,0
BRDA:26,4,0,0
BRDA:26,4,1,0
BRDA:44,5,0,0
BRDA:44,5,1,0
BRF:12
BRH:5
end_of_record
TN:
SF:routes\mallaRoutes.js
FN:8,(anonymous_0)
FNF:1
FNH:0
FNDA:0,(anonymous_0)
DA:5,0
DA:6,0
DA:8,0
DA:9,0
DA:11,0
DA:12,0
DA:15,0
DA:16,0
DA:25,0
DA:27,0
DA:28,0
DA:31,0
DA:32,0
LF:13
LH:0
BRDA:11,0,0,0
BRDA:11,0,1,0
BRDA:11,1,0,0
BRDA:11,1,1,0
BRF:4
BRH:0
end_of_record
TN:
SF:routes\proyeccionesRoutes.js
FN:8,(anonymous_0)
FN:37,(anonymous_1)
FN:66,(anonymous_2)
FN:88,(anonymous_3)
FNF:4
FNH:4
FNDA:4,(anonymous_0)
FNDA:4,(anonymous_1)
FNDA:4,(anonymous_2)
FNDA:3,(anonymous_3)
DA:5,1
DA:8,1
DA:9,4
DA:10,4
DA:12,4
DA:13,2
DA:16,2
DA:17,2
DA:25,2
DA:31,0
DA:32,0
DA:37,1
DA:38,4
DA:39,4
DA:41,4
DA:42,4
DA:48,4
DA:50,4
DA:51,1
DA:52,1
DA:55,4
DA:57,4
DA:58,4
DA:60,0
DA:61,0
DA:66,1
DA:67,4
DA:68,4
DA:70,4
DA:71,4
DA:76,4
DA:77,2
DA:80,2
DA:82,0
DA:83,0
DA:88,1
DA:89,3
DA:90,3
DA:92,3
DA:93,3
DA:98,3
DA:99,1
DA:102,2
DA:104,0
DA:105,0
LF:45
LH:37
BRDA:12,0,0,2
BRDA:12,0,1,2
BRDA:12,1,0,4
BRDA:12,1,1,3
BRDA:12,1,2,2
BRDA:12,1,3,2
BRDA:50,2,0,1
BRDA:50,2,1,3
BRDA:76,3,0,2
BRDA:76,3,1,2
BRDA:98,4,0,1
BRDA:98,4,1,2
BRF:12
BRH:12
end_of_record
